vmanager: *W,db.runs.toomany: You have 98,509 runs in the database. 100,000 is limit for installed edition.
Cadence vManager(64): 22.03-s003: (c) Copyright 1995-2022 Cadence Design Systems Inc - Simulator version: 22.03-s004 - Coverage engine version: 22.03-s004
Starting gui mode
vmanager: *W,db.runs.toomany: You have 98,405 runs in the database. 100,000 is limit for installed edition.
vmanager: *I,runner.startingSession: Starting session /home/grads/d/dineshkp/lab-10-pdineshk01/lab10/sim/run_vm.vsif
vmanager: *W,runner.oldRunnerDeprecation: Old Runner will be deprecated soon. It is recommended that you enable Runner 2.0 using configuration option runner.drm.enable_runner2. Starting next release, Runner 2.0 will be enabled by default.
vmanager: *W,runner.drmWarning: Runner: DRM: Job limit of 100 was reduced to 1 due to usage of Serial Local DRM.
vmanager: *I,runner.sessionStarted: Session htax_regress.dineshkp.23_12_04_21_02_21_7606 started.
vmanager: *W,db.runs.toomany: You have 98,547 runs in the database. 100,000 is limit for installed edition.
vmanager: *W,db.runs.toomany: You have 98,919 runs in the database. 100,000 is limit for installed edition.
vmanager: *W,db.runs.toomany: You have 98,638 runs in the database. 100,000 is limit for installed edition.
vmanager: *W,db.runs.toomany: You have 98,638 runs in the database. 100,000 is limit for installed edition.
vmanager: *I,MERGL1: The merged icc coverage cache was reused for analysis: /home/grads/d/dineshkp/lab-10-pdineshk01/lab10/sim/regression/htax_regress.dineshkp.23_12_04_21_02_21_7606/merged_ucds/default/1701746540305/merged_tests/icc_4e8e3c4e_7afbaf4d.ucd(merged)
vmanager: *W,db.runs.toomany: You have 98,468 runs in the database. 100,000 is limit for installed edition.
vmanager: *W,db.runs.toomany: You have 98,363 runs in the database. 100,000 is limit for installed edition.
vmanager: *W,db.runs.toomany: You have 98,458 runs in the database. 100,000 is limit for installed edition.
vmanager: *W,db.runs.toomany: You have 98,161 runs in the database. 100,000 is limit for installed edition.
vmanager: *W,db.runs.toomany: You have 98,206 runs in the database. 100,000 is limit for installed edition.
vmanager: *W,db.runs.toomany: You have 98,206 runs in the database. 100,000 is limit for installed edition.
vmanager: *W,db.runs.toomany: You have 98,206 runs in the database. 100,000 is limit for installed edition.
vmanager: *W,db.runs.toomany: You have 98,266 runs in the database. 100,000 is limit for installed edition.
vmanager: *W,db.runs.toomany: You have 98,372 runs in the database. 100,000 is limit for installed edition.
vmanager: *W,db.runs.toomany: You have 98,372 runs in the database. 100,000 is limit for installed edition.
vmanager: *W,db.runs.toomany: You have 98,482 runs in the database. 100,000 is limit for installed edition.
